gdktypes.h
# gdkapplaunchcontext.h
# gdk-autocleanup.h
gdkcairo.h
# gdkconfig.h
gdkcursor.h
gdkdevice.h
gdkdevicemanager.h
gdkdevicepad.h
gdkdevicetool.h
gdkdisplay.h
gdkdisplaymanager.h
gdkdnd.h
gdkdrawingcontext.h
gdkenumtypes.h
gdkevents.h
gdkframeclock.h
gdkframetimings.h
gdkglcontext.h
# gdk.h
gdkkeys.h
gdkkeysyms-compat.h
gdkkeysyms.h
gdkmain.h
gdkmonitor.h
gdkpango.h
gdkpixbuf.h
# gdkprivate.h
# gdkproperty.h
gdkrectangle.h
gdkrgba.h
gdkscreen.h
gdkseat.h
gdkselection.h
gdktestutils.h
# gdkthreads.h
# gdkversionmacros.h
gdkvisual.h
gdkwindow.h
# gdkx.h
