gtkenums.h
# gtk-a11y.h
gtkaboutdialog.h
gtkaccelgroup.h
gtkaccellabel.h
gtkaccelmap.h
gtkaccessible.h
gtkactionable.h
gtkactionbar.h
gtkadjustment.h
gtkappchooser.h
gtkappchooserbutton.h
gtkappchooserdialog.h
gtkappchooserwidget.h
gtkapplication.h
gtkapplicationwindow.h
gtkaspectframe.h
gtkassistant.h
# gtk-autocleanups.h
gtkbbox.h
# gtkbindings.h
gtkbin.h
# gtkborder.h
gtkbox.h
gtkbuildable.h
gtkbuilder.h
gtkbutton.h
gtkcalendar.h
gtkcellareabox.h
gtkcellareacontext.h
gtkcellarea.h
gtkcelleditable.h
gtkcelllayout.h
gtkcellrendereraccel.h
gtkcellrenderercombo.h
gtkcellrenderer.h
gtkcellrendererpixbuf.h
gtkcellrendererprogress.h
gtkcellrendererspin.h
gtkcellrendererspinner.h
gtkcellrenderertext.h
gtkcellrenderertoggle.h
gtkcellview.h
gtkcheckbutton.h
gtkcheckmenuitem.h
gtkclipboard.h
gtkcolorbutton.h
gtkcolorchooserdialog.h
gtkcolorchooser.h
gtkcolorchooserwidget.h
gtkcolorutils.h
gtkcombobox.h
gtkcomboboxtext.h
gtkcontainer.h
gtkcssprovider.h
gtkcsssection.h
gtkdebug.h
gtkdialog.h
gtkdnd.h
gtkdragdest.h
gtkdragsource.h
gtkdrawingarea.h
gtkeditable.h
gtkentrybuffer.h
gtkentrycompletion.h
gtkentry.h
# gtkenums.h
gtkeventbox.h
gtkeventcontroller.h
gtkeventcontrollerkey.h
gtkeventcontrollermotion.h
gtkeventcontrollerscroll.h
gtkexpander.h
gtkfilechooser.h
gtkfilechooserbutton.h
gtkfilechooserdialog.h
gtkfilechoosernative.h
gtkfilechooserwidget.h
gtkfilefilter.h
gtkfixed.h
gtkflowbox.h
gtkfontbutton.h
gtkfontchooserdialog.h
gtkfontchooser.h
gtkfontchooserwidget.h
gtkframe.h
gtkgesturedrag.h
gtkgesture.h
gtkgesturelongpress.h
gtkgesturemultipress.h
gtkgesturepan.h
gtkgesturerotate.h
gtkgesturesingle.h
gtkgesturestylus.h
gtkgestureswipe.h
gtkgesturezoom.h
gtkglarea.h
gtkgrid.h
# gtk.h
gtkheaderbar.h
gtkicontheme.h
gtkiconview.h
gtkimage.h
# gtkimcontext.h
# gtkimcontextinfo.h
# gtkimcontextsimple.h
# gtkimmodule.h
# gtkimmulticontext.h
gtkinfobar.h
gtkinvisible.h
gtklabel.h
gtklayout.h
gtklevelbar.h
gtklinkbutton.h
gtklistbox.h
gtkliststore.h
gtklockbutton.h
gtkmain.h
gtkmenubar.h
gtkmenubutton.h
gtkmenu.h
gtkmenuitem.h
gtkmenushell.h
gtkmenutoolbutton.h
gtkmessagedialog.h
gtkmodelbutton.h
# gtkmodules.h
gtkmountoperation.h
gtknativedialog.h
gtknotebook.h
gtkoffscreenwindow.h
gtkorientable.h
gtkoverlay.h
gtkpadcontroller.h
gtkpagesetup.h
gtkpaned.h
gtkpapersize.h
gtkplacessidebar.h
gtkplug.h
gtkpopover.h
gtkpopovermenu.h
gtkprintcontext.h
gtkprintoperation.h
gtkprintoperationpreview.h
gtkprintsettings.h
gtkprogressbar.h
gtkradiobutton.h
gtkradiomenuitem.h
gtkradiotoolbutton.h
gtkrange.h
gtkrecentchooserdialog.h
gtkrecentchooser.h
gtkrecentchoosermenu.h
gtkrecentchooserwidget.h
gtkrecentfilter.h
gtkrecentmanager.h
gtkrender.h
gtkrevealer.h
gtkscalebutton.h
gtkscale.h
gtkscrollable.h
gtkscrollbar.h
gtkscrolledwindow.h
gtksearchbar.h
gtksearchentry.h
gtkselection.h
gtkseparator.h
gtkseparatormenuitem.h
gtkseparatortoolitem.h
# gtksettings.h
gtkshortcutlabel.h
gtkshortcutsgroup.h
gtkshortcutssection.h
gtkshortcutsshortcut.h
gtkshortcutswindow.h
gtkshow.h
gtksizegroup.h
gtksizerequest.h
gtksocket.h
gtkspinbutton.h
gtkspinner.h
gtkstack.h
gtkstacksidebar.h
gtkstackswitcher.h
gtkstatusbar.h
gtkstylecontext.h
gtkstyleprovider.h
gtkswitch.h
# gtktestutils.h
gtktextattributes.h
gtktextbuffer.h
gtktextbufferrichtext.h
gtktextchild.h
# gtktextdisplay.h "semi-public" header intended for use by code that also uses GtkTextLayout
gtktextiter.h
# gtktextlayout.h "semi-private" header. Users are not supposed to use it.
gtktextmark.h
gtktexttag.h
gtktexttagtable.h
gtktextview.h
gtktogglebutton.h
gtktoggletoolbutton.h
gtktoolbar.h
gtktoolbutton.h
gtktoolitemgroup.h
gtktoolitem.h
gtktoolpalette.h
gtktoolshell.h
gtktooltip.h
# gtktreednd.h
gtktreemodelfilter.h
gtktreemodel.h
gtktreemodelsort.h
gtktreeselection.h
gtktreesortable.h
gtktreestore.h
gtktreeviewcolumn.h
gtktreeview.h
# gtktypebuiltins.h
gtktypes.h
# gtkversion.h
gtkviewport.h
gtkvolumebutton.h
gtkwidget.h
gtkwidgetpath.h
gtkwindowgroup.h
gtkwindow.h
# gtkx-autocleanups.h
# gtkx.h
